executeTests.py[LINE:75] in:main             #INFO     [2018-01-18 16:52:58,278] Started with args: Namespace(cmd_variables=['Tool', '/home/user/Desktop/blender-2.79-linux-glibc219-x86_64', 'RenderDevice', '2', 'TestsFilter', 'small', 'ResPath', '/home/user/Downloads/BlenderAssets/scenes'], tests_root='../jobs', work_dir='Blender', work_root='../Results')
jobs_parser.py[LINE:18] in:parse_package_manifest #INFO     [2018-01-18 16:52:58,283] Start processing package /home/user/jobs_test_blender/jobs/Blender.package-manifest.xml
executeTests.py[LINE:126] in:main             #INFO     [2018-01-18 16:52:58,284] Started job: PBR Test
executeTests.py[LINE:126] in:main             #INFO     [2018-01-18 16:52:58,397] Started job: Uber Test
executeTests.py[LINE:126] in:main             #INFO     [2018-01-18 16:52:58,509] Started job: Denoiser Test
executeTests.py[LINE:75] in:main             #INFO     [2018-01-18 16:54:19,237] Started with args: Namespace(cmd_variables=['Tool', '/home/user/Desktop/blender-2.79-linux-glibc219-x86_64', 'RenderDevice', '2', 'TestsFilter', 'small', 'ResPath', '/home/user/Downloads/BlenderAssets/scenes'], tests_root='../jobs', work_dir='Blender', work_root='../Results')
jobs_parser.py[LINE:18] in:parse_package_manifest #INFO     [2018-01-18 16:54:19,241] Start processing package /home/user/jobs_test_blender/jobs/Blender.package-manifest.xml
executeTests.py[LINE:126] in:main             #INFO     [2018-01-18 16:54:19,242] Started job: PBR Test
executeTests.py[LINE:126] in:main             #INFO     [2018-01-18 16:54:19,354] Started job: Uber Test
executeTests.py[LINE:126] in:main             #INFO     [2018-01-18 16:54:19,466] Started job: Denoiser Test
executeTests.py[LINE:75] in:main             #INFO     [2018-01-18 16:55:03,277] Started with args: Namespace(cmd_variables=['Tool', '/home/user/Desktop/blender-2.79-linux-glibc219-x86_64', 'RenderDevice', '2', 'TestsFilter', 'small', 'ResPath', '/home/user/Downloads/BlenderAssets/scenes'], tests_root='../jobs', work_dir='Blender', work_root='../Results')
jobs_parser.py[LINE:18] in:parse_package_manifest #INFO     [2018-01-18 16:55:03,282] Start processing package /home/user/jobs_test_blender/jobs/Blender.package-manifest.xml
executeTests.py[LINE:126] in:main             #INFO     [2018-01-18 16:55:03,284] Started job: PBR Test
executeTests.py[LINE:126] in:main             #INFO     [2018-01-18 16:55:03,395] Started job: Uber Test
executeTests.py[LINE:126] in:main             #INFO     [2018-01-18 16:55:03,482] Started job: Denoiser Test
executeTests.py[LINE:75] in:main             #INFO     [2018-01-18 16:56:02,726] Started with args: Namespace(cmd_variables=['Tool', '/home/user/Desktop/blender-2.79-linux-glibc219-x86_64', 'RenderDevice', '2', 'TestsFilter', 'small', 'ResPath', '/home/user/Downloads/BlenderAssets/scenes'], tests_root='../jobs', work_dir='Blender', work_root='../Results')
jobs_parser.py[LINE:18] in:parse_package_manifest #INFO     [2018-01-18 16:56:02,731] Start processing package /home/user/jobs_test_blender/jobs/Blender.package-manifest.xml
executeTests.py[LINE:126] in:main             #INFO     [2018-01-18 16:56:02,733] Started job: PBR Test
executeTests.py[LINE:126] in:main             #INFO     [2018-01-18 16:56:02,844] Started job: Uber Test
executeTests.py[LINE:126] in:main             #INFO     [2018-01-18 16:56:02,956] Started job: Denoiser Test
executeTests.py[LINE:75] in:main             #INFO     [2018-01-18 16:56:29,684] Started with args: Namespace(cmd_variables=['Tool', '/home/user/Desktop/blender-2.79-linux-glibc219-x86_64', 'RenderDevice', '2', 'TestsFilter', 'small', 'ResPath', '/home/user/Downloads/BlenderAssets/scenes'], tests_root='../jobs', work_dir='Blender', work_root='../Results')
jobs_parser.py[LINE:18] in:parse_package_manifest #INFO     [2018-01-18 16:56:29,689] Start processing package /home/user/jobs_test_blender/jobs/Blender.package-manifest.xml
executeTests.py[LINE:126] in:main             #INFO     [2018-01-18 16:56:29,691] Started job: PBR Test
executeTests.py[LINE:126] in:main             #INFO     [2018-01-18 16:56:29,803] Started job: Uber Test
executeTests.py[LINE:126] in:main             #INFO     [2018-01-18 16:56:29,915] Started job: Denoiser Test
executeTests.py[LINE:75] in:main             #INFO     [2018-01-18 16:56:55,381] Started with args: Namespace(cmd_variables=['Tool', '/home/user/Desktop/blender-2.79-linux-glibc219-x86_64', 'RenderDevice', '2', 'TestsFilter', 'small', 'ResPath', '/home/user/Downloads/BlenderAssets/scenes'], tests_root='../jobs', work_dir='Blender', work_root='../Results')
jobs_parser.py[LINE:18] in:parse_package_manifest #INFO     [2018-01-18 16:56:55,387] Start processing package /home/user/jobs_test_blender/jobs/Blender.package-manifest.xml
executeTests.py[LINE:126] in:main             #INFO     [2018-01-18 16:56:55,388] Started job: PBR Test
executeTests.py[LINE:126] in:main             #INFO     [2018-01-18 16:56:55,500] Started job: Uber Test
executeTests.py[LINE:126] in:main             #INFO     [2018-01-18 16:56:55,614] Started job: Denoiser Test
executeTests.py[LINE:75] in:main             #INFO     [2018-01-18 17:02:04,742] Started with args: Namespace(cmd_variables=['Tool', '/home/user/Desktop/blender-2.79-linux-glibc219-x86_64', 'RenderDevice', '2', 'TestsFilter', 'small', 'ResPath', '/home/user/Downloads/BlenderAssets/scenes'], tests_root='../jobs', work_dir='Blender', work_root='../Results')
jobs_parser.py[LINE:18] in:parse_package_manifest #INFO     [2018-01-18 17:02:04,747] Start processing package /home/user/jobs_test_blender/jobs/Blender.package-manifest.xml
executeTests.py[LINE:126] in:main             #INFO     [2018-01-18 17:02:04,748] Started job: PBR Test
executeTests.py[LINE:126] in:main             #INFO     [2018-01-18 17:02:04,861] Started job: Uber Test
executeTests.py[LINE:126] in:main             #INFO     [2018-01-18 17:02:04,973] Started job: Denoiser Test
executeTests.py[LINE:75] in:main             #INFO     [2018-01-18 17:02:51,013] Started with args: Namespace(cmd_variables=['Tool', '/home/user/Desktop/blender-2.79-linux-glibc219-x86_64', 'RenderDevice', '2', 'TestsFilter', 'small', 'ResPath', '/home/user/Downloads/BlenderAssets/scenes'], tests_root='../jobs', work_dir='Blender', work_root='../Results')
jobs_parser.py[LINE:18] in:parse_package_manifest #INFO     [2018-01-18 17:02:51,019] Start processing package /home/user/jobs_test_blender/jobs/Blender.package-manifest.xml
executeTests.py[LINE:126] in:main             #INFO     [2018-01-18 17:02:51,020] Started job: PBR Test
executeTests.py[LINE:126] in:main             #INFO     [2018-01-18 17:02:51,132] Started job: Uber Test
executeTests.py[LINE:126] in:main             #INFO     [2018-01-18 17:02:51,232] Started job: Denoiser Test
executeTests.py[LINE:145] in:main             #ERROR    [2018-01-18 17:02:51,326] Job was TERMINATED
executeTests.py[LINE:75] in:main             #INFO     [2018-01-18 17:06:03,358] Started with args: Namespace(cmd_variables=['Tool', '/home/user/Desktop/blender-2.79-linux-glibc219-x86_64', 'RenderDevice', '2', 'TestsFilter', 'small', 'ResPath', '/home/user/Downloads/BlenderAssets/scenes'], tests_root='../jobs', work_dir='Blender', work_root='../Results')
jobs_parser.py[LINE:18] in:parse_package_manifest #INFO     [2018-01-18 17:06:03,364] Start processing package /home/user/jobs_test_blender/jobs/Blender.package-manifest.xml
executeTests.py[LINE:126] in:main             #INFO     [2018-01-18 17:06:03,365] Started job: Denoiser_Test
executeTests.py[LINE:145] in:main             #ERROR    [2018-01-18 17:06:03,459] Job was TERMINATED
executeTests.py[LINE:126] in:main             #INFO     [2018-01-18 17:06:03,902] Started job: PBR_Test
executeTests.py[LINE:126] in:main             #INFO     [2018-01-18 17:06:04,519] Started job: Uber_Test
executeTests.py[LINE:75] in:main             #INFO     [2018-01-18 17:07:20,820] Started with args: Namespace(cmd_variables=['Tool', '/home/user/Desktop/blender-2.79-linux-glibc219-x86_64', 'RenderDevice', '2', 'TestsFilter', 'small', 'ResPath', '/home/user/Downloads/BlenderAssets/scenes'], tests_root='../jobs', work_dir='Blender', work_root='../Results')
jobs_parser.py[LINE:18] in:parse_package_manifest #INFO     [2018-01-18 17:07:20,826] Start processing package /home/user/jobs_test_blender/jobs/Blender.package-manifest.xml
executeTests.py[LINE:126] in:main             #INFO     [2018-01-18 17:07:20,828] Started job: Denoiser_Test
executeTests.py[LINE:145] in:main             #ERROR    [2018-01-18 17:07:20,922] Job was TERMINATED
executeTests.py[LINE:126] in:main             #INFO     [2018-01-18 17:07:21,364] Started job: PBR_Test
executeTests.py[LINE:126] in:main             #INFO     [2018-01-18 17:07:21,981] Started job: Uber_Test
executeTests.py[LINE:75] in:main             #INFO     [2018-01-18 17:13:47,402] Started with args: Namespace(cmd_variables=['Tool', '/home/user/Desktop/blender-2.79-linux-glibc219-x86_64', 'RenderDevice', '2', 'TestsFilter', 'small', 'ResPath', '/home/user/Downloads/BlenderAssets/scenes'], tests_root='../jobs', work_dir='Blender', work_root='../Results')
jobs_parser.py[LINE:18] in:parse_package_manifest #INFO     [2018-01-18 17:13:47,407] Start processing package /home/user/jobs_test_blender/jobs/Blender.package-manifest.xml
executeTests.py[LINE:126] in:main             #INFO     [2018-01-18 17:13:47,409] Started job: Denoiser_Test
executeTests.py[LINE:145] in:main             #ERROR    [2018-01-18 17:13:47,583] Job was TERMINATED
executeTests.py[LINE:126] in:main             #INFO     [2018-01-18 17:13:48,026] Started job: PBR_Test
executeTests.py[LINE:126] in:main             #INFO     [2018-01-18 17:13:48,643] Started job: Uber_Test
executeTests.py[LINE:75] in:main             #INFO     [2018-01-18 17:15:03,252] Started with args: Namespace(cmd_variables=['Tool', '/home/user/Desktop/blender-2.79-linux-glibc219-x86_64/blender', 'RenderDevice', '2', 'TestsFilter', 'small', 'ResPath', '/home/user/Downloads/BlenderAssets/scenes'], tests_root='../jobs', work_dir='Blender', work_root='../Results')
jobs_parser.py[LINE:18] in:parse_package_manifest #INFO     [2018-01-18 17:15:03,259] Start processing package /home/user/jobs_test_blender/jobs/Blender.package-manifest.xml
executeTests.py[LINE:126] in:main             #INFO     [2018-01-18 17:15:03,260] Started job: Denoiser_Test
executeTests.py[LINE:145] in:main             #ERROR    [2018-01-18 17:15:04,679] Job was TERMINATED
executeTests.py[LINE:126] in:main             #INFO     [2018-01-18 17:15:05,122] Started job: PBR_Test
executeTests.py[LINE:126] in:main             #INFO     [2018-01-18 17:15:05,738] Started job: Uber_Test
executeTests.py[LINE:75] in:main             #INFO     [2018-01-18 17:17:50,518] Started with args: Namespace(cmd_variables=['Tool', '/home/user/Desktop/blender-2.79-linux-glibc219-x86_64/blender', 'RenderDevice', '2', 'TestsFilter', 'small', 'ResPath', '/home/user/Downloads/BlenderAssets/scenes'], tests_root='../jobs', work_dir='Blender', work_root='../Results')
jobs_parser.py[LINE:18] in:parse_package_manifest #INFO     [2018-01-18 17:17:50,524] Start processing package /home/user/jobs_test_blender/jobs/Blender.package-manifest.xml
executeTests.py[LINE:126] in:main             #INFO     [2018-01-18 17:17:50,525] Started job: Denoiser_Test
executeTests.py[LINE:142] in:main             #ERROR    [2018-01-18 17:17:52,860] Job FAILED
executeTests.py[LINE:126] in:main             #INFO     [2018-01-18 17:17:52,995] Started job: PBR_Test
executeTests.py[LINE:126] in:main             #INFO     [2018-01-18 17:17:53,612] Started job: Uber_Test
executeTests.py[LINE:75] in:main             #INFO     [2018-01-18 17:22:28,823] Started with args: Namespace(cmd_variables=['Tool', '/home/user/Desktop/blender-2.79-linux-glibc219-x86_64/blender', 'RenderDevice', '2', 'TestsFilter', 'small', 'ResPath', '/home/user/Downloads/BlenderAssets/scenes'], tests_root='../jobs', work_dir='Blender', work_root='../Results')
jobs_parser.py[LINE:18] in:parse_package_manifest #INFO     [2018-01-18 17:22:28,829] Start processing package /home/user/jobs_test_blender/jobs/Blender.package-manifest.xml
executeTests.py[LINE:126] in:main             #INFO     [2018-01-18 17:22:28,830] Started job: Denoiser_Test
executeTests.py[LINE:126] in:main             #INFO     [2018-01-18 17:22:30,934] Started job: PBR_Test
executeTests.py[LINE:126] in:main             #INFO     [2018-01-18 17:22:31,551] Started job: Uber_Test
executeTests.py[LINE:75] in:main             #INFO     [2018-01-18 17:24:29,569] Started with args: Namespace(cmd_variables=['Tool', '/home/user/Desktop/blender-2.79-linux-glibc219-x86_64/blender', 'RenderDevice', '2', 'TestsFilter', 'small', 'ResPath', '/home/user/Downloads/BlenderAssets/scenes'], tests_root='../jobs', work_dir='Blender', work_root='../Results')
jobs_parser.py[LINE:18] in:parse_package_manifest #INFO     [2018-01-18 17:24:29,574] Start processing package /home/user/jobs_test_blender/jobs/Blender.package-manifest.xml
executeTests.py[LINE:126] in:main             #INFO     [2018-01-18 17:24:29,576] Started job: Denoiser_Test
executeTests.py[LINE:126] in:main             #INFO     [2018-01-18 17:24:32,041] Started job: PBR_Test
executeTests.py[LINE:126] in:main             #INFO     [2018-01-18 17:24:32,659] Started job: Uber_Test
executeTests.py[LINE:75] in:main             #INFO     [2018-01-18 17:25:16,163] Started with args: Namespace(cmd_variables=['Tool', '/home/user/Desktop/blender-2.79-linux-glibc219-x86_64/blender', 'RenderDevice', '2', 'TestsFilter', 'small', 'ResPath', '/home/user/Downloads/BlenderAssets/scenes'], tests_root='../jobs', work_dir='Blender', work_root='../Results')
jobs_parser.py[LINE:18] in:parse_package_manifest #INFO     [2018-01-18 17:25:16,169] Start processing package /home/user/jobs_test_blender/jobs/Blender.package-manifest.xml
executeTests.py[LINE:126] in:main             #INFO     [2018-01-18 17:25:16,170] Started job: Denoiser_Test
executeTests.py[LINE:126] in:main             #INFO     [2018-01-18 17:25:18,553] Started job: PBR_Test
executeTests.py[LINE:126] in:main             #INFO     [2018-01-18 17:25:19,170] Started job: Uber_Test
executeTests.py[LINE:75] in:main             #INFO     [2018-01-18 17:25:53,721] Started with args: Namespace(cmd_variables=['Tool', '/home/user/Desktop/blender-2.79-linux-glibc219-x86_64/blender', 'RenderDevice', '2', 'TestsFilter', 'small', 'ResPath', '/home/user/Downloads/BlenderAssets/scenes'], tests_root='../jobs', work_dir='Blender', work_root='../Results')
jobs_parser.py[LINE:18] in:parse_package_manifest #INFO     [2018-01-18 17:25:53,727] Start processing package /home/user/jobs_test_blender/jobs/Blender.package-manifest.xml
executeTests.py[LINE:126] in:main             #INFO     [2018-01-18 17:25:53,728] Started job: Denoiser_Test
executeTests.py[LINE:126] in:main             #INFO     [2018-01-18 17:25:56,031] Started job: PBR_Test
executeTests.py[LINE:126] in:main             #INFO     [2018-01-18 17:26:03,952] Started job: Uber_Test
executeTests.py[LINE:75] in:main             #INFO     [2018-01-18 17:33:21,701] Started with args: Namespace(cmd_variables=['Tool', '/home/user/Desktop/blender-2.79-linux-glibc219-x86_64/blender', 'RenderDevice', '2', 'TestsFilter', 'small', 'ResPath', '/home/user/Downloads/BlenderAssets/scenes'], tests_root='../jobs', work_dir='Blender', work_root='../Results')
jobs_parser.py[LINE:18] in:parse_package_manifest #INFO     [2018-01-18 17:33:21,710] Start processing package /home/user/jobs_test_blender/jobs/Blender.package-manifest.xml
executeTests.py[LINE:126] in:main             #INFO     [2018-01-18 17:33:21,713] Started job: Denoiser_Test
executeTests.py[LINE:126] in:main             #INFO     [2018-01-18 17:33:36,138] Started job: PBR_Test
executeTests.py[LINE:126] in:main             #INFO     [2018-01-18 17:33:44,098] Started job: Uber_Test
executeTests.py[LINE:75] in:main             #INFO     [2018-01-18 17:46:14,880] Started with args: Namespace(cmd_variables=['Tool', '/home/user/Desktop/blender-2.79-linux-glibc219-x86_64/blender', 'RenderDevice', '2', 'TestsFilter', 'small', 'ResPath', '/home/user/Downloads/BlenderAssets/scenes'], tests_root='../jobs', work_dir='Blender', work_root='../Results')
jobs_parser.py[LINE:18] in:parse_package_manifest #INFO     [2018-01-18 17:46:14,885] Start processing package /home/user/jobs_test_blender/jobs/Blender.package-manifest.xml
executeTests.py[LINE:126] in:main             #INFO     [2018-01-18 17:46:14,889] Started job: Denoiser_Test
executeTests.py[LINE:126] in:main             #INFO     [2018-01-18 17:46:29,310] Started job: PBR_Test
executeTests.py[LINE:126] in:main             #INFO     [2018-01-18 17:46:37,355] Started job: Uber_Test
executeTests.py[LINE:75] in:main             #INFO     [2018-01-18 17:55:32,152] Started with args: Namespace(cmd_variables=['Tool', '/home/user/Desktop/blender-2.79-linux-glibc219-x86_64/blender', 'RenderDevice', '2', 'TestsFilter', 'full', 'ResPath', '/home/user/Downloads/BlenderAssets/scenes'], tests_root='../jobs', work_dir='Blender', work_root='../Results')
jobs_parser.py[LINE:18] in:parse_package_manifest #INFO     [2018-01-18 17:55:32,159] Start processing package /home/user/jobs_test_blender/jobs/Blender.package-manifest.xml
executeTests.py[LINE:126] in:main             #INFO     [2018-01-18 17:55:32,161] Started job: Denoiser_Test
executeTests.py[LINE:126] in:main             #INFO     [2018-01-18 17:56:43,449] Started job: PBR_Test
executeTests.py[LINE:126] in:main             #INFO     [2018-01-18 17:57:37,736] Started job: Uber_Test
executeTests.py[LINE:75] in:main             #INFO     [2018-01-18 18:23:06,865] Started with args: Namespace(cmd_variables=['Tool', '/home/user/Desktop/blender-2.79-linux-glibc219-x86_64/blender', 'RenderDevice', '2', 'TestsFilter', 'full', 'ResPath', '/home/user/Downloads/BlenderAssets/scenes'], tests_root='../jobs', work_dir='Blender', work_root='../Results')
jobs_parser.py[LINE:18] in:parse_package_manifest #INFO     [2018-01-18 18:23:06,873] Start processing package /home/user/jobs_test_blender/jobs/Blender.package-manifest.xml
executeTests.py[LINE:126] in:main             #INFO     [2018-01-18 18:23:06,875] Started job: Denoiser_Test
executeTests.py[LINE:126] in:main             #INFO     [2018-01-18 18:23:07,450] Started job: PBR_Test
executeTests.py[LINE:126] in:main             #INFO     [2018-01-18 18:23:08,027] Started job: Uber_Test
executeTests.py[LINE:75] in:main             #INFO     [2018-01-18 18:23:29,918] Started with args: Namespace(cmd_variables=['Tool', '/home/user/Desktop/blender-2.79-linux-glibc219-x86_64/blender', 'RenderDevice', '2', 'TestsFilter', 'full', 'ResPath', '/home/user/Downloads/BlenderAssets/scenes'], tests_root='../jobs', work_dir='Blender', work_root='../Results')
jobs_parser.py[LINE:18] in:parse_package_manifest #INFO     [2018-01-18 18:23:29,924] Start processing package /home/user/jobs_test_blender/jobs/Blender.package-manifest.xml
executeTests.py[LINE:126] in:main             #INFO     [2018-01-18 18:23:29,925] Started job: Denoiser_Test
executeTests.py[LINE:126] in:main             #INFO     [2018-01-18 18:24:42,952] Started job: PBR_Test
executeTests.py[LINE:126] in:main             #INFO     [2018-01-18 18:25:36,103] Started job: Uber_Test
